Using pre-set license
Built from '2020.3/release' branch; Version is '2020.3.7f1 (dd97f2c94397) revision 14522354'; Using compiler version '192528614'; Build Type 'Release'
OS: 'Windows 10 Home; OS build 19041.985; Version 2004; 64bit' Language: 'de' Physical Memory: 32665 MB
BatchMode: 1, IsHumanControllingUs: 0, StartBugReporterOnCrash: 0, Is64bit: 1, IsPro: 0

 COMMAND LINE ARGUMENTS:
C:\Program Files\Unity\Hub\Editor\2020.3.7f1\Editor\Unity.exe
-adb2
-batchMode
-noUpm
-name
AssetImportWorker0
-projectPath
D:/Unity Projects/RayMarching/RayMarching
-logFile
Logs/AssetImportWorker0.log
-srvPort
58933
Successfully changed project path to: D:/Unity Projects/RayMarching/RayMarching
D:/Unity Projects/RayMarching/RayMarching
Using Asset Import Pipeline V2.
Refreshing native plugins compatible for Editor in 15.74 ms, found 0 plugins.
Preloading 0 native plugins for Editor in 0.00 ms.
Initialize engine version: 2020.3.7f1 (dd97f2c94397)
[Subsystems] Discovering subsystems at path C:/Program Files/Unity/Hub/Editor/2020.3.7f1/Editor/Data/Resources/UnitySubsystems
[Subsystems] Discovering subsystems at path D:/Unity Projects/RayMarching/RayMarching/Assets
GfxDevice: creating device client; threaded=0
Direct3D:
    Version:  Direct3D 11.0 [level 11.1]
    Renderer: NVIDIA GeForce RTX 2080 Ti (ID=0x1e07)
    Vendor:   
    VRAM:     11048 MB
    Driver:   27.21.14.6647
Initialize mono
Mono path[0] = 'C:/Program Files/Unity/Hub/Editor/2020.3.7f1/Editor/Data/Managed'
Mono path[1] = 'C:/Program Files/Unity/Hub/Editor/2020.3.7f1/Editor/Data/MonoBleedingEdge/lib/mono/unityjit'
Mono config path = 'C:/Program Files/Unity/Hub/Editor/2020.3.7f1/Editor/Data/MonoBleedingEdge/etc'
Using monoOptions --debugger-agent=transport=dt_socket,embedding=1,server=y,suspend=n,address=127.0.0.1:56580
Begin MonoManager ReloadAssembly
Registering precompiled unity dll's ...
Register platform support module: C:/Program Files/Unity/Hub/Editor/2020.3.7f1/Editor/Data/PlaybackEngines/WebGLSupport/UnityEditor.WebGL.Extensions.dll
Register platform support module: C:/Program Files/Unity/Hub/Editor/2020.3.7f1/Editor/Data/PlaybackEngines/WindowsStandaloneSupport/UnityEditor.WindowsStandalone.Extensions.dll
Registered in 0.001682 seconds.
Native extension for WindowsStandalone target not found
Native extension for WebGL target not found
Refreshing native plugins compatible for Editor in 22.42 ms, found 0 plugins.
Preloading 0 native plugins for Editor in 0.00 ms.
Mono: successfully reloaded assembly
- Completed reload, in  0.838 seconds
Platform modules already initialized, skipping
Registering precompiled user dll's ...
Registered in 0.000329 seconds.
Begin MonoManager ReloadAssembly
Native extension for WindowsStandalone target not found
Native extension for WebGL target not found
Refreshing native plugins compatible for Editor in 0.17 ms, found 0 plugins.
Preloading 0 native plugins for Editor in 0.00 ms.
Mono: successfully reloaded assembly
- Completed reload, in  0.610 seconds
Platform modules already initialized, skipping
========================================================================
Worker process is ready to serve import requests
Launched and connected shader compiler UnityShaderCompiler.exe after 0.03 seconds
Refreshing native plugins compatible for Editor in 0.16 ms, found 0 plugins.
Preloading 0 native plugins for Editor in 0.00 ms.
Unloading 1115 Unused Serialized files (Serialized files now loaded: 0)
System memory in use before: 57.1 MB.
System memory in use after: 57.1 MB.

Unloading 10 unused Assets to reduce memory usage. Loaded Objects now: 1557.
Total: 1.224100 ms (FindLiveObjects: 0.129600 ms CreateObjectMapping: 0.034400 ms MarkObjects: 1.004200 ms  DeleteObjects: 0.055200 ms)

========================================================================
Received Import Request.
  path: Assets
  artifactKey: Guid(00000000000000001000000000000000) Importer(815301076,1909f56bfc062723c751e8b465ee728b)
Start importing Assets using Guid(00000000000000001000000000000000) Importer(815301076,1909f56bfc062723c751e8b465ee728b)  -> (artifact id: '5f6a1853b736837ecfb0820a881449cb') in 0.008790 seconds
  Import took 0.010228 seconds .

========================================================================
Received Import Request.
  Time since last request: 7.137409 seconds.
  path: Assets/Scripts
  artifactKey: Guid(7a79dc54c42d53a4f85825390ef840fb) Importer(815301076,1909f56bfc062723c751e8b465ee728b)
Start importing Assets/Scripts using Guid(7a79dc54c42d53a4f85825390ef840fb) Importer(815301076,1909f56bfc062723c751e8b465ee728b)  -> (artifact id: '6917902b31f8f4d357fd41f4b4ea60cc') in 0.007938 seconds
  Import took 0.009270 seconds .

========================================================================
Received Import Request.
  Time since last request: 22.327947 seconds.
  path: Assets/Scripts/CameraScript.cs
  artifactKey: Guid(999ec2ab61f288e49b6a8bea0a95cf79) Importer(815301076,1909f56bfc062723c751e8b465ee728b)
Start importing Assets/Scripts/CameraScript.cs using Guid(999ec2ab61f288e49b6a8bea0a95cf79) Importer(815301076,1909f56bfc062723c751e8b465ee728b)  -> (artifact id: '29ce02b15b0cd001af9fdab09c0cbe15') in 0.023336 seconds
  Import took 0.024684 seconds .

========================================================================
Received Prepare
Registering precompiled user dll's ...
Registered in 0.000505 seconds.
Begin MonoManager ReloadAssembly
Native extension for WindowsStandalone target not found
Native extension for WebGL target not found
Refreshing native plugins compatible for Editor in 0.20 ms, found 0 plugins.
Preloading 0 native plugins for Editor in 0.00 ms.
Mono: successfully reloaded assembly
- Completed reload, in  0.696 seconds
Platform modules already initialized, skipping
Refreshing native plugins compatible for Editor in 0.21 ms, found 0 plugins.
Preloading 0 native plugins for Editor in 0.00 ms.
Unloading 1111 Unused Serialized files (Serialized files now loaded: 0)
System memory in use before: 57.1 MB.
System memory in use after: 57.1 MB.

Unloading 5 unused Assets to reduce memory usage. Loaded Objects now: 1561.
Total: 1.332900 ms (FindLiveObjects: 0.170800 ms CreateObjectMapping: 0.031700 ms MarkObjects: 1.088200 ms  DeleteObjects: 0.041300 ms)

========================================================================
Received Prepare
Registering precompiled user dll's ...
Registered in 0.000307 seconds.
Begin MonoManager ReloadAssembly
Native extension for WindowsStandalone target not found
Native extension for WebGL target not found
Refreshing native plugins compatible for Editor in 0.17 ms, found 0 plugins.
Preloading 0 native plugins for Editor in 0.00 ms.
Mono: successfully reloaded assembly
- Completed reload, in  0.581 seconds
Platform modules already initialized, skipping
Refreshing native plugins compatible for Editor in 0.16 ms, found 0 plugins.
Preloading 0 native plugins for Editor in 0.00 ms.
Unloading 1111 Unused Serialized files (Serialized files now loaded: 0)
System memory in use before: 57.1 MB.
System memory in use after: 57.1 MB.

Unloading 5 unused Assets to reduce memory usage. Loaded Objects now: 1564.
Total: 1.126700 ms (FindLiveObjects: 0.109500 ms CreateObjectMapping: 0.026200 ms MarkObjects: 0.955800 ms  DeleteObjects: 0.034400 ms)

========================================================================
Received Import Request.
  Time since last request: 215.995314 seconds.
  path: Assets/Scripts/CameraScript.cs
  artifactKey: Guid(999ec2ab61f288e49b6a8bea0a95cf79) Importer(815301076,1909f56bfc062723c751e8b465ee728b)
Start importing Assets/Scripts/CameraScript.cs using Guid(999ec2ab61f288e49b6a8bea0a95cf79) Importer(815301076,1909f56bfc062723c751e8b465ee728b)  -> (artifact id: 'ad59c2c1ff911419e2a6f526de1f7fb8') in 0.002523 seconds
  Import took 0.003909 seconds .

========================================================================
Received Prepare
Registering precompiled user dll's ...
Registered in 0.000366 seconds.
Begin MonoManager ReloadAssembly
Native extension for WindowsStandalone target not found
Native extension for WebGL target not found
Refreshing native plugins compatible for Editor in 0.23 ms, found 0 plugins.
Preloading 0 native plugins for Editor in 0.00 ms.
Mono: successfully reloaded assembly
- Completed reload, in  0.582 seconds
Platform modules already initialized, skipping
Refreshing native plugins compatible for Editor in 0.17 ms, found 0 plugins.
Preloading 0 native plugins for Editor in 0.00 ms.
Unloading 1111 Unused Serialized files (Serialized files now loaded: 0)
System memory in use before: 57.1 MB.
System memory in use after: 57.2 MB.

Unloading 5 unused Assets to reduce memory usage. Loaded Objects now: 1567.
Total: 1.184100 ms (FindLiveObjects: 0.126100 ms CreateObjectMapping: 0.034500 ms MarkObjects: 0.986700 ms  DeleteObjects: 0.036000 ms)

========================================================================
Received Prepare
Registering precompiled user dll's ...
Registered in 0.000314 seconds.
Begin MonoManager ReloadAssembly
Native extension for WindowsStandalone target not found
Native extension for WebGL target not found
Refreshing native plugins compatible for Editor in 0.17 ms, found 0 plugins.
Preloading 0 native plugins for Editor in 0.00 ms.
Mono: successfully reloaded assembly
- Completed reload, in  0.576 seconds
Platform modules already initialized, skipping
Refreshing native plugins compatible for Editor in 0.16 ms, found 0 plugins.
Preloading 0 native plugins for Editor in 0.00 ms.
Unloading 1111 Unused Serialized files (Serialized files now loaded: 0)
System memory in use before: 57.1 MB.
System memory in use after: 57.2 MB.

Unloading 5 unused Assets to reduce memory usage. Loaded Objects now: 1570.
Total: 1.181600 ms (FindLiveObjects: 0.115100 ms CreateObjectMapping: 0.029600 ms MarkObjects: 1.001300 ms  DeleteObjects: 0.034700 ms)

========================================================================
Received Prepare
Registering precompiled user dll's ...
Registered in 0.000325 seconds.
Begin MonoManager ReloadAssembly
Native extension for WindowsStandalone target not found
Native extension for WebGL target not found
Refreshing native plugins compatible for Editor in 0.17 ms, found 0 plugins.
Preloading 0 native plugins for Editor in 0.00 ms.
Mono: successfully reloaded assembly
- Completed reload, in  0.586 seconds
Platform modules already initialized, skipping
Refreshing native plugins compatible for Editor in 0.19 ms, found 0 plugins.
Preloading 0 native plugins for Editor in 0.00 ms.
Unloading 1111 Unused Serialized files (Serialized files now loaded: 0)
System memory in use before: 57.1 MB.
System memory in use after: 57.2 MB.

Unloading 5 unused Assets to reduce memory usage. Loaded Objects now: 1573.
Total: 1.570500 ms (FindLiveObjects: 0.224200 ms CreateObjectMapping: 0.058700 ms MarkObjects: 1.246800 ms  DeleteObjects: 0.038700 ms)

========================================================================
Received Prepare
Registering precompiled user dll's ...
Registered in 0.000314 seconds.
Begin MonoManager ReloadAssembly
Native extension for WindowsStandalone target not found
Native extension for WebGL target not found
Refreshing native plugins compatible for Editor in 0.21 ms, found 0 plugins.
Preloading 0 native plugins for Editor in 0.00 ms.
Mono: successfully reloaded assembly
- Completed reload, in  0.570 seconds
Platform modules already initialized, skipping
Refreshing native plugins compatible for Editor in 0.16 ms, found 0 plugins.
Preloading 0 native plugins for Editor in 0.00 ms.
Unloading 1111 Unused Serialized files (Serialized files now loaded: 0)
System memory in use before: 57.1 MB.
System memory in use after: 57.2 MB.

Unloading 5 unused Assets to reduce memory usage. Loaded Objects now: 1576.
Total: 1.243200 ms (FindLiveObjects: 0.105700 ms CreateObjectMapping: 0.027900 ms MarkObjects: 1.073000 ms  DeleteObjects: 0.035500 ms)

========================================================================
Received Import Request.
  Time since last request: 107.841252 seconds.
  path: Assets/Scripts/NewBehaviourScript.cs
  artifactKey: Guid(db45253047cd8ee4db30a1963b712fc3) Importer(815301076,1909f56bfc062723c751e8b465ee728b)
Start importing Assets/Scripts/NewBehaviourScript.cs using Guid(db45253047cd8ee4db30a1963b712fc3) Importer(815301076,1909f56bfc062723c751e8b465ee728b)  -> (artifact id: 'c669e4e26c68a12360fa24d1df70b5d2') in 0.009890 seconds
  Import took 0.011271 seconds .

========================================================================
Received Prepare
Registering precompiled user dll's ...
Registered in 0.000291 seconds.
Begin MonoManager ReloadAssembly
Native extension for WindowsStandalone target not found
Native extension for WebGL target not found
Refreshing native plugins compatible for Editor in 0.17 ms, found 0 plugins.
Preloading 0 native plugins for Editor in 0.00 ms.
Mono: successfully reloaded assembly
- Completed reload, in  0.577 seconds
Platform modules already initialized, skipping
Refreshing native plugins compatible for Editor in 0.16 ms, found 0 plugins.
Preloading 0 native plugins for Editor in 0.00 ms.
Unloading 1112 Unused Serialized files (Serialized files now loaded: 0)
System memory in use before: 57.2 MB.
System memory in use after: 57.2 MB.

Unloading 5 unused Assets to reduce memory usage. Loaded Objects now: 1580.
Total: 1.121300 ms (FindLiveObjects: 0.096200 ms CreateObjectMapping: 0.024600 ms MarkObjects: 0.967100 ms  DeleteObjects: 0.032800 ms)

========================================================================
Received Prepare
Registering precompiled user dll's ...
Registered in 0.000322 seconds.
Begin MonoManager ReloadAssembly
Native extension for WindowsStandalone target not found
Native extension for WebGL target not found
Refreshing native plugins compatible for Editor in 0.17 ms, found 0 plugins.
Preloading 0 native plugins for Editor in 0.00 ms.
Mono: successfully reloaded assembly
- Completed reload, in  0.581 seconds
Platform modules already initialized, skipping
Refreshing native plugins compatible for Editor in 0.16 ms, found 0 plugins.
Preloading 0 native plugins for Editor in 0.00 ms.
Unloading 1111 Unused Serialized files (Serialized files now loaded: 0)
System memory in use before: 57.1 MB.
System memory in use after: 57.2 MB.

Unloading 6 unused Assets to reduce memory usage. Loaded Objects now: 1582.
Total: 1.308700 ms (FindLiveObjects: 0.201900 ms CreateObjectMapping: 0.074200 ms MarkObjects: 0.994300 ms  DeleteObjects: 0.037300 ms)

========================================================================
Received Import Request.
  Time since last request: 13.471351 seconds.
  path: Assets/Scripts/RayMarcher.compute
  artifactKey: Guid(7b0a36fa3e551db47bca097ab49feff4) Importer(815301076,1909f56bfc062723c751e8b465ee728b)
Start importing Assets/Scripts/RayMarcher.compute using Guid(7b0a36fa3e551db47bca097ab49feff4) Importer(815301076,1909f56bfc062723c751e8b465ee728b)  -> (artifact id: '985d48347eba3af6f4ddf86447fbd285') in 0.019626 seconds
  Import took 0.021028 seconds .

========================================================================
Received Import Request.
  Time since last request: 34.326508 seconds.
  path: Assets/Scripts/RayMarcher.compute
  artifactKey: Guid(7b0a36fa3e551db47bca097ab49feff4) Importer(815301076,1909f56bfc062723c751e8b465ee728b)
Start importing Assets/Scripts/RayMarcher.compute using Guid(7b0a36fa3e551db47bca097ab49feff4) Importer(815301076,1909f56bfc062723c751e8b465ee728b)  -> (artifact id: '051b4dd75c7479788d1da8b7c2faf02b') in 0.001414 seconds
  Import took 0.002918 seconds .

========================================================================
Received Import Request.
  Time since last request: 0.002438 seconds.
  path: Assets/Scripts/RayMarcher.compute
  artifactKey: Guid(7b0a36fa3e551db47bca097ab49feff4) Importer(815301076,1909f56bfc062723c751e8b465ee728b)
Start importing Assets/Scripts/RayMarcher.compute using Guid(7b0a36fa3e551db47bca097ab49feff4) Importer(815301076,1909f56bfc062723c751e8b465ee728b)  -> (artifact id: '051b4dd75c7479788d1da8b7c2faf02b') in 0.001489 seconds
  Import took 0.002994 seconds .

========================================================================
Received Prepare
Registering precompiled user dll's ...
Registered in 0.000385 seconds.
Begin MonoManager ReloadAssembly
Native extension for WindowsStandalone target not found
Native extension for WebGL target not found
Refreshing native plugins compatible for Editor in 0.17 ms, found 0 plugins.
Preloading 0 native plugins for Editor in 0.00 ms.
Mono: successfully reloaded assembly
- Completed reload, in  0.575 seconds
Platform modules already initialized, skipping
Refreshing native plugins compatible for Editor in 0.15 ms, found 0 plugins.
Preloading 0 native plugins for Editor in 0.00 ms.
Unloading 1111 Unused Serialized files (Serialized files now loaded: 0)
System memory in use before: 57.1 MB.
System memory in use after: 57.2 MB.

Unloading 5 unused Assets to reduce memory usage. Loaded Objects now: 1585.
Total: 1.168300 ms (FindLiveObjects: 0.112200 ms CreateObjectMapping: 0.028200 ms MarkObjects: 0.991600 ms  DeleteObjects: 0.035800 ms)

========================================================================
Received Prepare
Registering precompiled user dll's ...
Registered in 0.000335 seconds.
Begin MonoManager ReloadAssembly
Native extension for WindowsStandalone target not found
Native extension for WebGL target not found
Refreshing native plugins compatible for Editor in 0.17 ms, found 0 plugins.
Preloading 0 native plugins for Editor in 0.00 ms.
Mono: successfully reloaded assembly
- Completed reload, in  0.577 seconds
Platform modules already initialized, skipping
Refreshing native plugins compatible for Editor in 0.17 ms, found 0 plugins.
Preloading 0 native plugins for Editor in 0.00 ms.
Unloading 1111 Unused Serialized files (Serialized files now loaded: 0)
System memory in use before: 57.2 MB.
System memory in use after: 57.3 MB.

Unloading 5 unused Assets to reduce memory usage. Loaded Objects now: 1588.
Total: 1.368400 ms (FindLiveObjects: 0.118700 ms CreateObjectMapping: 0.034500 ms MarkObjects: 1.176800 ms  DeleteObjects: 0.037300 ms)

========================================================================
Received Prepare
Registering precompiled user dll's ...
Registered in 0.000323 seconds.
Begin MonoManager ReloadAssembly
Native extension for WindowsStandalone target not found
Native extension for WebGL target not found
Refreshing native plugins compatible for Editor in 0.21 ms, found 0 plugins.
Preloading 0 native plugins for Editor in 0.00 ms.
Mono: successfully reloaded assembly
- Completed reload, in  0.584 seconds
Platform modules already initialized, skipping
Refreshing native plugins compatible for Editor in 0.36 ms, found 0 plugins.
Preloading 0 native plugins for Editor in 0.00 ms.
Unloading 1111 Unused Serialized files (Serialized files now loaded: 0)
System memory in use before: 57.2 MB.
System memory in use after: 57.3 MB.

Unloading 5 unused Assets to reduce memory usage. Loaded Objects now: 1591.
Total: 1.274600 ms (FindLiveObjects: 0.142200 ms CreateObjectMapping: 0.027500 ms MarkObjects: 1.070500 ms  DeleteObjects: 0.033400 ms)

========================================================================
Received Import Request.
  Time since last request: 562.215702 seconds.
  path: Assets/Scripts/RayMarcher.compute
  artifactKey: Guid(7b0a36fa3e551db47bca097ab49feff4) Importer(815301076,1909f56bfc062723c751e8b465ee728b)
Start importing Assets/Scripts/RayMarcher.compute using Guid(7b0a36fa3e551db47bca097ab49feff4) Importer(815301076,1909f56bfc062723c751e8b465ee728b)  -> (artifact id: 'fc11a444e4720745ff810c59fbae9409') in 0.007145 seconds
  Import took 0.008434 seconds .

========================================================================
Received Prepare
Registering precompiled user dll's ...
Registered in 0.000459 seconds.
Begin MonoManager ReloadAssembly
Native extension for WindowsStandalone target not found
Native extension for WebGL target not found
Refreshing native plugins compatible for Editor in 0.17 ms, found 0 plugins.
Preloading 0 native plugins for Editor in 0.00 ms.
Mono: successfully reloaded assembly
- Completed reload, in  0.558 seconds
Platform modules already initialized, skipping
Refreshing native plugins compatible for Editor in 0.16 ms, found 0 plugins.
Preloading 0 native plugins for Editor in 0.00 ms.
Unloading 1111 Unused Serialized files (Serialized files now loaded: 0)
System memory in use before: 57.2 MB.
System memory in use after: 57.3 MB.

Unloading 5 unused Assets to reduce memory usage. Loaded Objects now: 1594.
Total: 1.184400 ms (FindLiveObjects: 0.125600 ms CreateObjectMapping: 0.033400 ms MarkObjects: 0.990000 ms  DeleteObjects: 0.034500 ms)

========================================================================
Received Import Request.
  Time since last request: 15.467261 seconds.
  path: Assets/Scripts/RayMarcher.compute
  artifactKey: Guid(7b0a36fa3e551db47bca097ab49feff4) Importer(815301076,1909f56bfc062723c751e8b465ee728b)
Start importing Assets/Scripts/RayMarcher.compute using Guid(7b0a36fa3e551db47bca097ab49feff4) Importer(815301076,1909f56bfc062723c751e8b465ee728b)  -> (artifact id: 'd2503382e2c2218725bf69d44895e339') in 0.007086 seconds
  Import took 0.008403 seconds .

========================================================================
Received Import Request.
  Time since last request: 6.161343 seconds.
  path: Assets/Scripts/CameraScript.cs
  artifactKey: Guid(999ec2ab61f288e49b6a8bea0a95cf79) Importer(815301076,1909f56bfc062723c751e8b465ee728b)
Start importing Assets/Scripts/CameraScript.cs using Guid(999ec2ab61f288e49b6a8bea0a95cf79) Importer(815301076,1909f56bfc062723c751e8b465ee728b)  -> (artifact id: 'ec3a2c67121de8c7c977b1b361fb9a9a') in 0.008265 seconds
  Import took 0.009636 seconds .

========================================================================
Received Import Request.
  Time since last request: 0.015994 seconds.
  path: Assets/Scripts/CameraScript.cs
  artifactKey: Guid(999ec2ab61f288e49b6a8bea0a95cf79) Importer(815301076,1909f56bfc062723c751e8b465ee728b)
Start importing Assets/Scripts/CameraScript.cs using Guid(999ec2ab61f288e49b6a8bea0a95cf79) Importer(815301076,1909f56bfc062723c751e8b465ee728b)  -> (artifact id: 'ec3a2c67121de8c7c977b1b361fb9a9a') in 0.001099 seconds
  Import took 0.002440 seconds .

========================================================================
Received Prepare
Registering precompiled user dll's ...
Registered in 0.000329 seconds.
Begin MonoManager ReloadAssembly
Native extension for WindowsStandalone target not found
Native extension for WebGL target not found
Refreshing native plugins compatible for Editor in 0.18 ms, found 0 plugins.
Preloading 0 native plugins for Editor in 0.00 ms.
Mono: successfully reloaded assembly
- Completed reload, in  0.572 seconds
Platform modules already initialized, skipping
Refreshing native plugins compatible for Editor in 0.16 ms, found 0 plugins.
Preloading 0 native plugins for Editor in 0.00 ms.
Unloading 1111 Unused Serialized files (Serialized files now loaded: 0)
System memory in use before: 57.2 MB.
System memory in use after: 57.3 MB.

Unloading 5 unused Assets to reduce memory usage. Loaded Objects now: 1597.
Total: 1.486400 ms (FindLiveObjects: 0.215100 ms CreateObjectMapping: 0.035100 ms MarkObjects: 1.198100 ms  DeleteObjects: 0.037000 ms)

========================================================================
Received Prepare
Registering precompiled user dll's ...
Registered in 0.000306 seconds.
Begin MonoManager ReloadAssembly
Native extension for WindowsStandalone target not found
Native extension for WebGL target not found
Refreshing native plugins compatible for Editor in 0.17 ms, found 0 plugins.
Preloading 0 native plugins for Editor in 0.00 ms.
Mono: successfully reloaded assembly
- Completed reload, in  0.574 seconds
Platform modules already initialized, skipping
Refreshing native plugins compatible for Editor in 0.16 ms, found 0 plugins.
Preloading 0 native plugins for Editor in 0.00 ms.
Unloading 1111 Unused Serialized files (Serialized files now loaded: 0)
System memory in use before: 57.2 MB.
System memory in use after: 57.3 MB.

Unloading 5 unused Assets to reduce memory usage. Loaded Objects now: 1600.
Total: 1.396400 ms (FindLiveObjects: 0.131300 ms CreateObjectMapping: 0.029800 ms MarkObjects: 1.200700 ms  DeleteObjects: 0.034200 ms)

========================================================================
Received Prepare
Registering precompiled user dll's ...
Registered in 0.000325 seconds.
Begin MonoManager ReloadAssembly
Native extension for WindowsStandalone target not found
Native extension for WebGL target not found
Refreshing native plugins compatible for Editor in 0.17 ms, found 0 plugins.
Preloading 0 native plugins for Editor in 0.00 ms.
Mono: successfully reloaded assembly
- Completed reload, in  0.567 seconds
Platform modules already initialized, skipping
Refreshing native plugins compatible for Editor in 0.16 ms, found 0 plugins.
Preloading 0 native plugins for Editor in 0.00 ms.
Unloading 1111 Unused Serialized files (Serialized files now loaded: 0)
System memory in use before: 57.2 MB.
System memory in use after: 57.3 MB.

Unloading 5 unused Assets to reduce memory usage. Loaded Objects now: 1603.
Total: 1.185300 ms (FindLiveObjects: 0.117200 ms CreateObjectMapping: 0.027400 ms MarkObjects: 1.003600 ms  DeleteObjects: 0.036200 ms)

========================================================================
Received Prepare
Registering precompiled user dll's ...
Registered in 0.000459 seconds.
Begin MonoManager ReloadAssembly
Native extension for WindowsStandalone target not found
Native extension for WebGL target not found
Refreshing native plugins compatible for Editor in 0.20 ms, found 0 plugins.
Preloading 0 native plugins for Editor in 0.00 ms.
Mono: successfully reloaded assembly
- Completed reload, in  0.562 seconds
Platform modules already initialized, skipping
Refreshing native plugins compatible for Editor in 0.15 ms, found 0 plugins.
Preloading 0 native plugins for Editor in 0.00 ms.
Unloading 1111 Unused Serialized files (Serialized files now loaded: 0)
System memory in use before: 57.2 MB.
System memory in use after: 57.3 MB.

Unloading 5 unused Assets to reduce memory usage. Loaded Objects now: 1606.
Total: 1.293500 ms (FindLiveObjects: 0.161200 ms CreateObjectMapping: 0.051400 ms MarkObjects: 1.044900 ms  DeleteObjects: 0.034800 ms)

========================================================================
Received Prepare
Registering precompiled user dll's ...
Registered in 0.000319 seconds.
Begin MonoManager ReloadAssembly
Native extension for WindowsStandalone target not found
Native extension for WebGL target not found
Refreshing native plugins compatible for Editor in 0.17 ms, found 0 plugins.
Preloading 0 native plugins for Editor in 0.00 ms.
Mono: successfully reloaded assembly
- Completed reload, in  0.553 seconds
Platform modules already initialized, skipping
Refreshing native plugins compatible for Editor in 0.15 ms, found 0 plugins.
Preloading 0 native plugins for Editor in 0.00 ms.
Unloading 1111 Unused Serialized files (Serialized files now loaded: 0)
System memory in use before: 57.2 MB.
System memory in use after: 57.3 MB.

Unloading 5 unused Assets to reduce memory usage. Loaded Objects now: 1609.
Total: 1.210400 ms (FindLiveObjects: 0.138200 ms CreateObjectMapping: 0.025700 ms MarkObjects: 1.008800 ms  DeleteObjects: 0.036800 ms)

========================================================================
Received Import Request.
  Time since last request: 510.338412 seconds.
  path: Assets/Scripts/RayMarcher.compute
  artifactKey: Guid(7b0a36fa3e551db47bca097ab49feff4) Importer(815301076,1909f56bfc062723c751e8b465ee728b)
Start importing Assets/Scripts/RayMarcher.compute using Guid(7b0a36fa3e551db47bca097ab49feff4) Importer(815301076,1909f56bfc062723c751e8b465ee728b)  -> (artifact id: '9326a9a9dd027453064d4572da661bb6') in 0.007031 seconds
  Import took 0.008467 seconds .

========================================================================
Received Prepare
Registering precompiled user dll's ...
Registered in 0.000357 seconds.
Begin MonoManager ReloadAssembly
Native extension for WindowsStandalone target not found
Native extension for WebGL target not found
Refreshing native plugins compatible for Editor in 0.17 ms, found 0 plugins.
Preloading 0 native plugins for Editor in 0.00 ms.
Mono: successfully reloaded assembly
- Completed reload, in  0.556 seconds
Platform modules already initialized, skipping
Refreshing native plugins compatible for Editor in 0.16 ms, found 0 plugins.
Preloading 0 native plugins for Editor in 0.00 ms.
Unloading 1111 Unused Serialized files (Serialized files now loaded: 0)
System memory in use before: 57.2 MB.
System memory in use after: 57.3 MB.

Unloading 5 unused Assets to reduce memory usage. Loaded Objects now: 1612.
Total: 1.237500 ms (FindLiveObjects: 0.111600 ms CreateObjectMapping: 0.029300 ms MarkObjects: 1.062900 ms  DeleteObjects: 0.033200 ms)

========================================================================
Received Import Request.
  Time since last request: 146.468922 seconds.
  path: Assets/Scripts/RayMarcher.compute
  artifactKey: Guid(7b0a36fa3e551db47bca097ab49feff4) Importer(815301076,1909f56bfc062723c751e8b465ee728b)
Start importing Assets/Scripts/RayMarcher.compute using Guid(7b0a36fa3e551db47bca097ab49feff4) Importer(815301076,1909f56bfc062723c751e8b465ee728b)  -> (artifact id: '6a85214697bc99e319c9c8bee0cf1ad7') in 0.007987 seconds
  Import took 0.009628 seconds .

========================================================================
Received Prepare
Registering precompiled user dll's ...
Registered in 0.000316 seconds.
Begin MonoManager ReloadAssembly
Native extension for WindowsStandalone target not found
Native extension for WebGL target not found
Refreshing native plugins compatible for Editor in 0.17 ms, found 0 plugins.
Preloading 0 native plugins for Editor in 0.00 ms.
Mono: successfully reloaded assembly
- Completed reload, in  0.591 seconds
Platform modules already initialized, skipping
Refreshing native plugins compatible for Editor in 0.16 ms, found 0 plugins.
Preloading 0 native plugins for Editor in 0.00 ms.
Unloading 1111 Unused Serialized files (Serialized files now loaded: 0)
System memory in use before: 57.2 MB.
System memory in use after: 57.3 MB.

Unloading 5 unused Assets to reduce memory usage. Loaded Objects now: 1615.
Total: 1.232000 ms (FindLiveObjects: 0.115800 ms CreateObjectMapping: 0.029200 ms MarkObjects: 1.047800 ms  DeleteObjects: 0.038000 ms)

========================================================================
Received Import Request.
  Time since last request: 686.224198 seconds.
  path: Assets/Scripts/RayMarcher.compute
  artifactKey: Guid(7b0a36fa3e551db47bca097ab49feff4) Importer(815301076,1909f56bfc062723c751e8b465ee728b)
Start importing Assets/Scripts/RayMarcher.compute using Guid(7b0a36fa3e551db47bca097ab49feff4) Importer(815301076,1909f56bfc062723c751e8b465ee728b)  -> (artifact id: '2d080c707a70e49f44cd9edfcb1c57b2') in 0.007366 seconds
  Import took 0.008747 seconds .

========================================================================
Received Import Request.
  Time since last request: 8.165521 seconds.
  path: Assets/Scripts/RayMarcher.compute
  artifactKey: Guid(7b0a36fa3e551db47bca097ab49feff4) Importer(815301076,1909f56bfc062723c751e8b465ee728b)
Start importing Assets/Scripts/RayMarcher.compute using Guid(7b0a36fa3e551db47bca097ab49feff4) Importer(815301076,1909f56bfc062723c751e8b465ee728b)  -> (artifact id: '101ec9a9f9d98ef548af024071229f35') in 0.001403 seconds
  Import took 0.003023 seconds .

========================================================================
Received Import Request.
  Time since last request: 9.505055 seconds.
  path: Assets/Scripts/RayMarcher.compute
  artifactKey: Guid(7b0a36fa3e551db47bca097ab49feff4) Importer(815301076,1909f56bfc062723c751e8b465ee728b)
Start importing Assets/Scripts/RayMarcher.compute using Guid(7b0a36fa3e551db47bca097ab49feff4) Importer(815301076,1909f56bfc062723c751e8b465ee728b)  -> (artifact id: '9a21d6451c9733607269adf7c99ce999') in 0.001365 seconds
  Import took 0.003085 seconds .

========================================================================
Received Prepare
Registering precompiled user dll's ...
Registered in 0.000326 seconds.
Begin MonoManager ReloadAssembly
Native extension for WindowsStandalone target not found
Native extension for WebGL target not found
Refreshing native plugins compatible for Editor in 0.17 ms, found 0 plugins.
Preloading 0 native plugins for Editor in 0.00 ms.
Mono: successfully reloaded assembly
- Completed reload, in  0.570 seconds
Platform modules already initialized, skipping
Refreshing native plugins compatible for Editor in 0.15 ms, found 0 plugins.
Preloading 0 native plugins for Editor in 0.00 ms.
Unloading 1111 Unused Serialized files (Serialized files now loaded: 0)
System memory in use before: 57.3 MB.
System memory in use after: 57.3 MB.

Unloading 5 unused Assets to reduce memory usage. Loaded Objects now: 1618.
Total: 1.309000 ms (FindLiveObjects: 0.142800 ms CreateObjectMapping: 0.034800 ms MarkObjects: 1.091200 ms  DeleteObjects: 0.039000 ms)

========================================================================
Received Import Request.
  Time since last request: 354.298196 seconds.
  path: Assets/Scripts/RayMarcher.compute
  artifactKey: Guid(7b0a36fa3e551db47bca097ab49feff4) Importer(815301076,1909f56bfc062723c751e8b465ee728b)
Start importing Assets/Scripts/RayMarcher.compute using Guid(7b0a36fa3e551db47bca097ab49feff4) Importer(815301076,1909f56bfc062723c751e8b465ee728b)  -> (artifact id: '408c1ad0cd41d8771fb9856ae16032cd') in 0.007385 seconds
  Import took 0.008696 seconds .

========================================================================
Received Import Request.
  Time since last request: 607.175993 seconds.
  path: Assets/Scripts/RayMarcher.compute
  artifactKey: Guid(7b0a36fa3e551db47bca097ab49feff4) Importer(815301076,1909f56bfc062723c751e8b465ee728b)
Start importing Assets/Scripts/RayMarcher.compute using Guid(7b0a36fa3e551db47bca097ab49feff4) Importer(815301076,1909f56bfc062723c751e8b465ee728b)  -> (artifact id: '407ff73474542507f4108788084bbf05') in 0.002194 seconds
  Import took 0.003986 seconds .

========================================================================
Received Import Request.
  Time since last request: 19.095469 seconds.
  path: Assets/Scripts/RayMarcher.compute
  artifactKey: Guid(7b0a36fa3e551db47bca097ab49feff4) Importer(815301076,1909f56bfc062723c751e8b465ee728b)
Start importing Assets/Scripts/RayMarcher.compute using Guid(7b0a36fa3e551db47bca097ab49feff4) Importer(815301076,1909f56bfc062723c751e8b465ee728b)  -> (artifact id: 'f6692fc1c52602a11c6b30393e106a63') in 0.001504 seconds
  Import took 0.003104 seconds .

========================================================================
Received Prepare
Registering precompiled user dll's ...
Registered in 0.000352 seconds.
Begin MonoManager ReloadAssembly
Native extension for WindowsStandalone target not found
Native extension for WebGL target not found
Refreshing native plugins compatible for Editor in 0.21 ms, found 0 plugins.
Preloading 0 native plugins for Editor in 0.00 ms.
Mono: successfully reloaded assembly
- Completed reload, in  0.571 seconds
Platform modules already initialized, skipping
Refreshing native plugins compatible for Editor in 0.16 ms, found 0 plugins.
Preloading 0 native plugins for Editor in 0.00 ms.
Unloading 1111 Unused Serialized files (Serialized files now loaded: 0)
System memory in use before: 57.3 MB.
System memory in use after: 57.3 MB.

Unloading 5 unused Assets to reduce memory usage. Loaded Objects now: 1621.
Total: 1.281800 ms (FindLiveObjects: 0.130700 ms CreateObjectMapping: 0.032000 ms MarkObjects: 1.079100 ms  DeleteObjects: 0.039000 ms)

========================================================================
Received Import Request.
  Time since last request: 27.014972 seconds.
  path: Assets/Scripts/RayMarcher.compute
  artifactKey: Guid(7b0a36fa3e551db47bca097ab49feff4) Importer(815301076,1909f56bfc062723c751e8b465ee728b)
Start importing Assets/Scripts/RayMarcher.compute using Guid(7b0a36fa3e551db47bca097ab49feff4) Importer(815301076,1909f56bfc062723c751e8b465ee728b)  -> (artifact id: '97ab8e448482c7bd1083ddc1bf29fa7e') in 0.008571 seconds
  Import took 0.010481 seconds .

========================================================================
Received Prepare
Registering precompiled user dll's ...
Registered in 0.000346 seconds.
Begin MonoManager ReloadAssembly
Native extension for WindowsStandalone target not found
Native extension for WebGL target not found
Refreshing native plugins compatible for Editor in 0.17 ms, found 0 plugins.
Preloading 0 native plugins for Editor in 0.00 ms.
Mono: successfully reloaded assembly
- Completed reload, in  0.569 seconds
Platform modules already initialized, skipping
Refreshing native plugins compatible for Editor in 0.16 ms, found 0 plugins.
Preloading 0 native plugins for Editor in 0.00 ms.
Unloading 1111 Unused Serialized files (Serialized files now loaded: 0)
System memory in use before: 57.3 MB.
System memory in use after: 57.3 MB.

Unloading 5 unused Assets to reduce memory usage. Loaded Objects now: 1624.
Total: 1.274000 ms (FindLiveObjects: 0.115700 ms CreateObjectMapping: 0.029200 ms MarkObjects: 1.088900 ms  DeleteObjects: 0.039100 ms)

========================================================================
Received Prepare
Registering precompiled user dll's ...
Registered in 0.000374 seconds.
Begin MonoManager ReloadAssembly
Native extension for WindowsStandalone target not found
Native extension for WebGL target not found
Refreshing native plugins compatible for Editor in 0.20 ms, found 0 plugins.
Preloading 0 native plugins for Editor in 0.00 ms.
Mono: successfully reloaded assembly
- Completed reload, in  0.570 seconds
Platform modules already initialized, skipping
Refreshing native plugins compatible for Editor in 0.16 ms, found 0 plugins.
Preloading 0 native plugins for Editor in 0.00 ms.
Unloading 1111 Unused Serialized files (Serialized files now loaded: 0)
System memory in use before: 57.3 MB.
System memory in use after: 57.4 MB.

Unloading 5 unused Assets to reduce memory usage. Loaded Objects now: 1627.
Total: 1.675000 ms (FindLiveObjects: 0.139000 ms CreateObjectMapping: 0.030600 ms MarkObjects: 1.463400 ms  DeleteObjects: 0.041100 ms)

========================================================================
Received Prepare
Registering precompiled user dll's ...
Registered in 0.000566 seconds.
Begin MonoManager ReloadAssembly
Native extension for WindowsStandalone target not found
Native extension for WebGL target not found
Refreshing native plugins compatible for Editor in 0.19 ms, found 0 plugins.
Preloading 0 native plugins for Editor in 0.00 ms.
Mono: successfully reloaded assembly
- Completed reload, in  0.570 seconds
Platform modules already initialized, skipping
Refreshing native plugins compatible for Editor in 0.24 ms, found 0 plugins.
Preloading 0 native plugins for Editor in 0.00 ms.
Unloading 1111 Unused Serialized files (Serialized files now loaded: 0)
System memory in use before: 57.3 MB.
System memory in use after: 57.4 MB.

Unloading 5 unused Assets to reduce memory usage. Loaded Objects now: 1630.
Total: 1.728500 ms (FindLiveObjects: 0.198100 ms CreateObjectMapping: 0.082100 ms MarkObjects: 1.402800 ms  DeleteObjects: 0.044000 ms)

========================================================================
Received Import Request.
  Time since last request: 1706.880755 seconds.
  path: Assets/Scripts/RayMarcher.compute
  artifactKey: Guid(7b0a36fa3e551db47bca097ab49feff4) Importer(815301076,1909f56bfc062723c751e8b465ee728b)
Start importing Assets/Scripts/RayMarcher.compute using Guid(7b0a36fa3e551db47bca097ab49feff4) Importer(815301076,1909f56bfc062723c751e8b465ee728b)  -> (artifact id: 'b48009c9c98482f1965233587fbdec38') in 0.014437 seconds
  Import took 0.016030 seconds .

========================================================================
Received Import Request.
  Time since last request: 14.670177 seconds.
  path: Assets/Scripts/Shape.cs
  artifactKey: Guid(f4d8f8fce26142942b2b1d19e1b1cf61) Importer(815301076,1909f56bfc062723c751e8b465ee728b)
Start importing Assets/Scripts/Shape.cs using Guid(f4d8f8fce26142942b2b1d19e1b1cf61) Importer(815301076,1909f56bfc062723c751e8b465ee728b)  -> (artifact id: '7f8f7c9ce9b5ea12902d248c9c4caaee') in 0.008233 seconds
  Import took 0.009702 seconds .

========================================================================
Received Prepare
Registering precompiled user dll's ...
Registered in 0.000284 seconds.
Begin MonoManager ReloadAssembly
Native extension for WindowsStandalone target not found
Native extension for WebGL target not found
Refreshing native plugins compatible for Editor in 0.20 ms, found 0 plugins.
Preloading 0 native plugins for Editor in 0.00 ms.
Mono: successfully reloaded assembly
- Completed reload, in  0.595 seconds
Platform modules already initialized, skipping
Refreshing native plugins compatible for Editor in 0.16 ms, found 0 plugins.
Preloading 0 native plugins for Editor in 0.00 ms.
Unloading 1112 Unused Serialized files (Serialized files now loaded: 0)
System memory in use before: 57.3 MB.
System memory in use after: 57.4 MB.

Unloading 5 unused Assets to reduce memory usage. Loaded Objects now: 1634.
Total: 1.298500 ms (FindLiveObjects: 0.141100 ms CreateObjectMapping: 0.035000 ms MarkObjects: 1.076900 ms  DeleteObjects: 0.044100 ms)

========================================================================
Received Prepare
Registering precompiled user dll's ...
Registered in 0.000408 seconds.
Begin MonoManager ReloadAssembly
Native extension for WindowsStandalone target not found
Native extension for WebGL target not found
Refreshing native plugins compatible for Editor in 0.17 ms, found 0 plugins.
Preloading 0 native plugins for Editor in 0.00 ms.
Mono: successfully reloaded assembly
- Completed reload, in  0.560 seconds
Platform modules already initialized, skipping
Refreshing native plugins compatible for Editor in 0.16 ms, found 0 plugins.
Preloading 0 native plugins for Editor in 0.00 ms.
Unloading 1112 Unused Serialized files (Serialized files now loaded: 0)
System memory in use before: 57.3 MB.
System memory in use after: 57.4 MB.

Unloading 5 unused Assets to reduce memory usage. Loaded Objects now: 1637.
Total: 1.250700 ms (FindLiveObjects: 0.155400 ms CreateObjectMapping: 0.034900 ms MarkObjects: 1.021400 ms  DeleteObjects: 0.037800 ms)

========================================================================
Received Import Request.
  Time since last request: 205.743495 seconds.
  path: Assets/Scripts/Shape.cs
  artifactKey: Guid(f4d8f8fce26142942b2b1d19e1b1cf61) Importer(815301076,1909f56bfc062723c751e8b465ee728b)
Start importing Assets/Scripts/Shape.cs using Guid(f4d8f8fce26142942b2b1d19e1b1cf61) Importer(815301076,1909f56bfc062723c751e8b465ee728b)  -> (artifact id: 'ec071bce2d8c245fcfb931b4a0b20293') in 0.002575 seconds
  Import took 0.003922 seconds .

========================================================================
Received Import Request.
  Time since last request: 16.468307 seconds.
  path: Assets/Prefabs
  artifactKey: Guid(3c74a601a1b42824fbaa81fbe5d3f985) Importer(815301076,1909f56bfc062723c751e8b465ee728b)
Start importing Assets/Prefabs using Guid(3c74a601a1b42824fbaa81fbe5d3f985) Importer(815301076,1909f56bfc062723c751e8b465ee728b)  -> (artifact id: '667a4334bc5ecf0ce861da1ce0499617') in 0.008045 seconds
  Import took 0.009409 seconds .

========================================================================
Received Import Request.
  Time since last request: 1.920779 seconds.
  path: Assets/Prefabs/Sphere.prefab
  artifactKey: Guid(323153e740d0ccd42bc4480706304c73) Importer(815301076,1909f56bfc062723c751e8b465ee728b)
Start importing Assets/Prefabs/Sphere.prefab using Guid(323153e740d0ccd42bc4480706304c73) Importer(815301076,1909f56bfc062723c751e8b465ee728b)  -> (artifact id: 'cd28a0d2b1f2d4d26bb005b2fe2bd3be') in 0.022828 seconds
  Import took 0.024236 seconds .

========================================================================
Received Import Request.
  Time since last request: 0.000287 seconds.
  path: Assets/Prefabs/Sphere.prefab
  artifactKey: Guid(323153e740d0ccd42bc4480706304c73) Importer(815301076,1909f56bfc062723c751e8b465ee728b)
Start importing Assets/Prefabs/Sphere.prefab using Guid(323153e740d0ccd42bc4480706304c73) Importer(815301076,1909f56bfc062723c751e8b465ee728b)  -> (artifact id: 'cd28a0d2b1f2d4d26bb005b2fe2bd3be') in 0.001788 seconds
  Import took 0.002971 seconds .

========================================================================
Received Prepare
Registering precompiled user dll's ...
Registered in 0.000344 seconds.
Begin MonoManager ReloadAssembly
Native extension for WindowsStandalone target not found
Native extension for WebGL target not found
Refreshing native plugins compatible for Editor in 0.17 ms, found 0 plugins.
Preloading 0 native plugins for Editor in 0.00 ms.
Mono: successfully reloaded assembly
- Completed reload, in  0.589 seconds
Platform modules already initialized, skipping
Refreshing native plugins compatible for Editor in 0.18 ms, found 0 plugins.
Preloading 0 native plugins for Editor in 0.00 ms.
Unloading 1112 Unused Serialized files (Serialized files now loaded: 0)
System memory in use before: 57.3 MB.
System memory in use after: 57.4 MB.

Unloading 5 unused Assets to reduce memory usage. Loaded Objects now: 1640.
Total: 1.655300 ms (FindLiveObjects: 0.199100 ms CreateObjectMapping: 0.053000 ms MarkObjects: 1.347200 ms  DeleteObjects: 0.054300 ms)

========================================================================
Received Import Request.
  Time since last request: 2667.654504 seconds.
  path: Assets/Prefabs/Sphere.prefab
  artifactKey: Guid(323153e740d0ccd42bc4480706304c73) Importer(815301076,1909f56bfc062723c751e8b465ee728b)
Start importing Assets/Prefabs/Sphere.prefab using Guid(323153e740d0ccd42bc4480706304c73) Importer(815301076,1909f56bfc062723c751e8b465ee728b)  -> (artifact id: '5c570e3e29c0fb69aef5492d5e3d2dcd') in 0.022610 seconds
  Import took 0.024296 seconds .

========================================================================
Received Prepare
Registering precompiled user dll's ...
Registered in 0.000338 seconds.
Begin MonoManager ReloadAssembly
Native extension for WindowsStandalone target not found
Native extension for WebGL target not found
Refreshing native plugins compatible for Editor in 0.17 ms, found 0 plugins.
Preloading 0 native plugins for Editor in 0.00 ms.
Mono: successfully reloaded assembly
- Completed reload, in  0.581 seconds
Platform modules already initialized, skipping
Refreshing native plugins compatible for Editor in 0.16 ms, found 0 plugins.
Preloading 0 native plugins for Editor in 0.00 ms.
Unloading 1112 Unused Serialized files (Serialized files now loaded: 0)
System memory in use before: 57.4 MB.
System memory in use after: 57.4 MB.

Unloading 5 unused Assets to reduce memory usage. Loaded Objects now: 1643.
Total: 1.256900 ms (FindLiveObjects: 0.146500 ms CreateObjectMapping: 0.035200 ms MarkObjects: 1.036200 ms  DeleteObjects: 0.038000 ms)

========================================================================
Received Prepare
Registering precompiled user dll's ...
Registered in 0.000368 seconds.
Begin MonoManager ReloadAssembly
Native extension for WindowsStandalone target not found
Native extension for WebGL target not found
Refreshing native plugins compatible for Editor in 0.24 ms, found 0 plugins.
Preloading 0 native plugins for Editor in 0.00 ms.
Mono: successfully reloaded assembly
- Completed reload, in  0.585 seconds
Platform modules already initialized, skipping
Refreshing native plugins compatible for Editor in 0.16 ms, found 0 plugins.
Preloading 0 native plugins for Editor in 0.00 ms.
Unloading 1112 Unused Serialized files (Serialized files now loaded: 0)
System memory in use before: 57.4 MB.
System memory in use after: 57.4 MB.

Unloading 5 unused Assets to reduce memory usage. Loaded Objects now: 1646.
Total: 1.259000 ms (FindLiveObjects: 0.124000 ms CreateObjectMapping: 0.031800 ms MarkObjects: 1.063800 ms  DeleteObjects: 0.038400 ms)

========================================================================
Received Prepare
Registering precompiled user dll's ...
Registered in 0.000349 seconds.
Begin MonoManager ReloadAssembly
Native extension for WindowsStandalone target not found
Native extension for WebGL target not found
Refreshing native plugins compatible for Editor in 0.17 ms, found 0 plugins.
Preloading 0 native plugins for Editor in 0.00 ms.
Mono: successfully reloaded assembly
- Completed reload, in  0.580 seconds
Platform modules already initialized, skipping
Refreshing native plugins compatible for Editor in 0.16 ms, found 0 plugins.
Preloading 0 native plugins for Editor in 0.00 ms.
Unloading 1112 Unused Serialized files (Serialized files now loaded: 0)
System memory in use before: 57.4 MB.
System memory in use after: 57.5 MB.

Unloading 5 unused Assets to reduce memory usage. Loaded Objects now: 1649.
Total: 1.178600 ms (FindLiveObjects: 0.119600 ms CreateObjectMapping: 0.031400 ms MarkObjects: 0.991200 ms  DeleteObjects: 0.035600 ms)

========================================================================
Received Prepare
Registering precompiled user dll's ...
Registered in 0.000297 seconds.
Begin MonoManager ReloadAssembly
Native extension for WindowsStandalone target not found
Native extension for WebGL target not found
Refreshing native plugins compatible for Editor in 0.18 ms, found 0 plugins.
Preloading 0 native plugins for Editor in 0.00 ms.
Mono: successfully reloaded assembly
- Completed reload, in  0.570 seconds
Platform modules already initialized, skipping
Refreshing native plugins compatible for Editor in 0.16 ms, found 0 plugins.
Preloading 0 native plugins for Editor in 0.00 ms.
Unloading 1112 Unused Serialized files (Serialized files now loaded: 0)
System memory in use before: 57.4 MB.
System memory in use after: 57.5 MB.

Unloading 5 unused Assets to reduce memory usage. Loaded Objects now: 1652.
Total: 1.506000 ms (FindLiveObjects: 0.208100 ms CreateObjectMapping: 0.054200 ms MarkObjects: 1.203500 ms  DeleteObjects: 0.038900 ms)

========================================================================
Received Import Request.
  Time since last request: 461.873123 seconds.
  path: Assets/Prefabs/Sphere.prefab
  artifactKey: Guid(323153e740d0ccd42bc4480706304c73) Importer(815301076,1909f56bfc062723c751e8b465ee728b)
Start importing Assets/Prefabs/Sphere.prefab using Guid(323153e740d0ccd42bc4480706304c73) Importer(815301076,1909f56bfc062723c751e8b465ee728b)  -> (artifact id: 'b1e2e150a1f9c36d2bd93220caa3782d') in 0.015153 seconds
  Import took 0.016483 seconds .

========================================================================
Received Import Request.
  Time since last request: 64.697142 seconds.
  path: Assets/Scripts/RayMarcher.compute
  artifactKey: Guid(7b0a36fa3e551db47bca097ab49feff4) Importer(815301076,1909f56bfc062723c751e8b465ee728b)
Start importing Assets/Scripts/RayMarcher.compute using Guid(7b0a36fa3e551db47bca097ab49feff4) Importer(815301076,1909f56bfc062723c751e8b465ee728b)  -> (artifact id: 'fb93581cbd15e694c411adb247f43e36') in 0.001486 seconds
  Import took 0.002789 seconds .

========================================================================
Received Prepare
Registering precompiled user dll's ...
Registered in 0.000347 seconds.
Begin MonoManager ReloadAssembly
Native extension for WindowsStandalone target not found
Native extension for WebGL target not found
Refreshing native plugins compatible for Editor in 0.28 ms, found 0 plugins.
Preloading 0 native plugins for Editor in 0.00 ms.
Mono: successfully reloaded assembly
- Completed reload, in  0.610 seconds
Platform modules already initialized, skipping
Refreshing native plugins compatible for Editor in 0.16 ms, found 0 plugins.
Preloading 0 native plugins for Editor in 0.00 ms.
Unloading 1112 Unused Serialized files (Serialized files now loaded: 0)
System memory in use before: 57.4 MB.
System memory in use after: 57.5 MB.

Unloading 5 unused Assets to reduce memory usage. Loaded Objects now: 1655.
Total: 1.213900 ms (FindLiveObjects: 0.113000 ms CreateObjectMapping: 0.028500 ms MarkObjects: 1.033600 ms  DeleteObjects: 0.037900 ms)

========================================================================
Received Import Request.
  Time since last request: 205.236911 seconds.
  path: Assets/Scripts/RayMarcher.compute
  artifactKey: Guid(7b0a36fa3e551db47bca097ab49feff4) Importer(815301076,1909f56bfc062723c751e8b465ee728b)
Start importing Assets/Scripts/RayMarcher.compute using Guid(7b0a36fa3e551db47bca097ab49feff4) Importer(815301076,1909f56bfc062723c751e8b465ee728b)  -> (artifact id: '653cffbe2db43eb964d082c73291d072') in 0.007613 seconds
  Import took 0.009324 seconds .

========================================================================
Received Import Request.
  Time since last request: 75.804761 seconds.
  path: Assets/Scripts/RayMarcher.compute
  artifactKey: Guid(7b0a36fa3e551db47bca097ab49feff4) Importer(815301076,1909f56bfc062723c751e8b465ee728b)
Start importing Assets/Scripts/RayMarcher.compute using Guid(7b0a36fa3e551db47bca097ab49feff4) Importer(815301076,1909f56bfc062723c751e8b465ee728b)  -> (artifact id: '2a5a529da4c2855318dbb454b888a2f7') in 0.001503 seconds
  Import took 0.002931 seconds .

AssetImportWorkerClient::OnTransportError - code=2 error=End of file
